<?xml version="1.0" encoding="UTF-8"?>
<testng-results ignored="0" total="1" passed="1" failed="0" skipped="0">
  <reporter-output>
  </reporter-output>
  <suite started-at="2023-03-10T18:50:08 IST" name="Default suite" finished-at="2023-03-10T18:50:17 IST" duration-ms="9089">
    <groups>
    </groups>
    <test started-at="2023-03-10T18:50:08 IST" name="Default test" finished-at="2023-03-10T18:50:17 IST" duration-ms="9089">
      <class name="Module1_searchbar.SearchBarTest">
        <test-method is-config="true" signature="browseropen()[pri:0, instance:Module1_searchbar.SearchBarTest@7205765b]" started-at="2023-03-10T18:50:08 IST" name="browseropen" finished-at="2023-03-10T18:50:14 IST" duration-ms="6142" status="PASS">
          <reporter-output>
          </reporter-output>
        </test-method> <!-- browseropen -->
        <test-method signature="searchbar()[pri:0, instance:Module1_searchbar.SearchBarTest@7205765b]" started-at="2023-03-10T18:50:14 IST" name="searchbar" finished-at="2023-03-10T18:50:15 IST" duration-ms="820" status="PASS">
          <reporter-output>
          </reporter-output>
        </test-method> <!-- searchbar -->
        <test-method is-config="true" signature="Screenshot(org.testng.ITestResult)[pri:0, instance:Module1_searchbar.SearchBarTest@7205765b]" started-at="2023-03-10T18:50:15 IST" name="Screenshot" finished-at="2023-03-10T18:50:15 IST" duration-ms="2" status="PASS">
          <params>
            <param index="0">
              <value>
                <![CDATA[[TestResult name=searchbar status=SUCCESS method=SearchBarTest.searchbar()[pri:0, instance:Module1_searchbar.SearchBarTest@7205765b] output={null}]]]>
              </value>
            </param>
          </params>
          <reporter-output>
          </reporter-output>
        </test-method> <!-- Screenshot -->
        <test-method is-config="true" signature="browserclose()[pri:0, instance:Module1_searchbar.SearchBarTest@7205765b]" started-at="2023-03-10T18:50:15 IST" name="browserclose" finished-at="2023-03-10T18:50:17 IST" duration-ms="2096" status="PASS">
          <reporter-output>
          </reporter-output>
        </test-method> <!-- browserclose -->
      </class> <!-- Module1_searchbar.SearchBarTest -->
    </test> <!-- Default test -->
  </suite> <!-- Default suite -->
</testng-results>
